2024-05-23 09:20:20,709 [Worker-6: Loading available Gradle versions] INFO  o.e.b.c.i.u.g.PublishedGradleVersions - Gradle version information cache is up-to-date. Trying to read.
2024-05-23 09:20:44,661 [Worker-8: Importing Maven projects] INFO  o.e.m.c.i.l.LifecycleMappingFactory - Using org.eclipse.m2e.jdt.JarLifecycleMapping lifecycle mapping for MavenProject: com.ftninformatika.jwd.modul2:restoran:0.0.7-SNAPSHOT @ C:\Users\Vera\Desktop\Modul 2\Termin 7\JWD. Modul 2, termin 7\Modul2Termin7Dostava\pom.xml.
2024-05-23 09:20:45,386 [Worker-8: Importing Maven projects] INFO  o.e.m.c.i.l.LifecycleMappingFactory - Using org.eclipse.m2e.jdt.JarLifecycleMapping lifecycle mapping for MavenProject: com.ftninformatika.jwd.modul2:bioskop:0.0.7-SNAPSHOT @ C:\Users\Vera\Desktop\Modul 2\Termin 7\JWD. Modul 2, termin 7\Modul2Termin7Bioskop\pom.xml.
2024-05-23 09:20:46,310 [Worker-8: Importing Maven projects] INFO  o.e.m.c.i.e.AbstractTransferListenerAdapter - Downloaded https://nexus.magnolia-cms.com/content/groups/enterprise/org/springframework/boot/spring-boot-starter-jdbc/3.1.1/spring-boot-starter-jdbc-3.1.1.pom
2024-05-23 09:20:47,194 [Worker-8: Importing Maven projects] INFO  o.e.m.c.i.e.AbstractTransferListenerAdapter - Downloaded https://maven.vaadin.com/vaadin-addons/org/springframework/boot/spring-boot-starter-jdbc/3.1.1/spring-boot-starter-jdbc-3.1.1.pom
2024-05-23 09:20:47,528 [Worker-8: Importing Maven projects] INFO  o.e.m.c.i.e.AbstractTransferListenerAdapter - Downloading https://repo.maven.apache.org/maven2/org/springframework/boot/spring-boot-starter-jdbc/3.1.1/spring-boot-starter-jdbc-3.1.1.pom
2024-05-23 09:20:47,608 [Worker-8: Importing Maven projects] INFO  o.e.m.c.i.e.AbstractTransferListenerAdapter - Downloaded https://repo.maven.apache.org/maven2/org/springframework/boot/spring-boot-starter-jdbc/3.1.1/spring-boot-starter-jdbc-3.1.1.pom
2024-05-23 09:20:47,926 [Worker-8: Importing Maven projects] INFO  o.e.m.c.i.e.AbstractTransferListenerAdapter - Downloaded https://nexus.magnolia-cms.com/content/groups/enterprise/com/zaxxer/HikariCP/5.0.1/HikariCP-5.0.1.pom
2024-05-23 09:20:48,072 [Worker-8: Importing Maven projects] INFO  o.e.m.c.i.e.AbstractTransferListenerAdapter - Downloaded https://maven.vaadin.com/vaadin-addons/com/zaxxer/HikariCP/5.0.1/HikariCP-5.0.1.pom
2024-05-23 09:20:48,121 [Worker-8: Importing Maven projects] INFO  o.e.m.c.i.e.AbstractTransferListenerAdapter - Downloading https://repo.maven.apache.org/maven2/com/zaxxer/HikariCP/5.0.1/HikariCP-5.0.1.pom
2024-05-23 09:20:48,197 [Worker-8: Importing Maven projects] INFO  o.e.m.c.i.e.AbstractTransferListenerAdapter - Downloaded https://repo.maven.apache.org/maven2/com/zaxxer/HikariCP/5.0.1/HikariCP-5.0.1.pom
2024-05-23 09:20:48,480 [Worker-8: Importing Maven projects] INFO  o.e.m.c.i.e.AbstractTransferListenerAdapter - Downloaded https://nexus.magnolia-cms.com/content/groups/enterprise/org/springframework/spring-jdbc/6.0.10/spring-jdbc-6.0.10.pom
2024-05-23 09:20:48,624 [Worker-8: Importing Maven projects] INFO  o.e.m.c.i.e.AbstractTransferListenerAdapter - Downloaded https://maven.vaadin.com/vaadin-addons/org/springframework/spring-jdbc/6.0.10/spring-jdbc-6.0.10.pom
2024-05-23 09:20:48,676 [Worker-8: Importing Maven projects] INFO  o.e.m.c.i.e.AbstractTransferListenerAdapter - Downloading https://repo.maven.apache.org/maven2/org/springframework/spring-jdbc/6.0.10/spring-jdbc-6.0.10.pom
2024-05-23 09:20:48,777 [Worker-8: Importing Maven projects] INFO  o.e.m.c.i.e.AbstractTransferListenerAdapter - Downloaded https://repo.maven.apache.org/maven2/org/springframework/spring-jdbc/6.0.10/spring-jdbc-6.0.10.pom
2024-05-23 09:20:49,050 [Worker-8: Importing Maven projects] INFO  o.e.m.c.i.e.AbstractTransferListenerAdapter - Downloaded https://nexus.magnolia-cms.com/content/groups/enterprise/org/springframework/spring-tx/6.0.10/spring-tx-6.0.10.pom
2024-05-23 09:20:49,200 [Worker-8: Importing Maven projects] INFO  o.e.m.c.i.e.AbstractTransferListenerAdapter - Downloaded https://maven.vaadin.com/vaadin-addons/org/springframework/spring-tx/6.0.10/spring-tx-6.0.10.pom
2024-05-23 09:20:49,241 [Worker-8: Importing Maven projects] INFO  o.e.m.c.i.e.AbstractTransferListenerAdapter - Downloading https://repo.maven.apache.org/maven2/org/springframework/spring-tx/6.0.10/spring-tx-6.0.10.pom
2024-05-23 09:20:49,283 [Worker-8: Importing Maven projects] INFO  o.e.m.c.i.e.AbstractTransferListenerAdapter - Downloaded https://repo.maven.apache.org/maven2/org/springframework/spring-tx/6.0.10/spring-tx-6.0.10.pom
2024-05-23 09:20:49,549 [Worker-8: Importing Maven projects] INFO  o.e.m.c.i.e.AbstractTransferListenerAdapter - Downloaded https://nexus.magnolia-cms.com/content/groups/enterprise/mysql/mysql-connector-java/8.0.33/mysql-connector-java-8.0.33.pom
2024-05-23 09:20:49,704 [Worker-8: Importing Maven projects] INFO  o.e.m.c.i.e.AbstractTransferListenerAdapter - Downloaded https://maven.vaadin.com/vaadin-addons/mysql/mysql-connector-java/8.0.33/mysql-connector-java-8.0.33.pom
2024-05-23 09:20:49,750 [Worker-8: Importing Maven projects] INFO  o.e.m.c.i.e.AbstractTransferListenerAdapter - Downloading https://repo.maven.apache.org/maven2/mysql/mysql-connector-java/8.0.33/mysql-connector-java-8.0.33.pom
2024-05-23 09:20:49,801 [Worker-8: Importing Maven projects] INFO  o.e.m.c.i.e.AbstractTransferListenerAdapter - Downloaded https://repo.maven.apache.org/maven2/mysql/mysql-connector-java/8.0.33/mysql-connector-java-8.0.33.pom
2024-05-23 09:20:49,807 [Worker-8: Importing Maven projects] WARN  o.a.m.r.i.DefaultArtifactDescriptorReader - The artifact mysql:mysql-connector-java:jar:8.0.33 has been relocated to com.mysql:mysql-connector-j:jar:8.0.33: MySQL Connector/J artifacts moved to reverse-DNS compliant Maven 2+ coordinates.
2024-05-23 09:20:50,112 [Worker-8: Importing Maven projects] INFO  o.e.m.c.i.e.AbstractTransferListenerAdapter - Downloaded https://nexus.magnolia-cms.com/content/groups/enterprise/com/mysql/mysql-connector-j/8.0.33/mysql-connector-j-8.0.33.pom
2024-05-23 09:20:50,251 [Worker-8: Importing Maven projects] INFO  o.e.m.c.i.e.AbstractTransferListenerAdapter - Downloaded https://maven.vaadin.com/vaadin-addons/com/mysql/mysql-connector-j/8.0.33/mysql-connector-j-8.0.33.pom
2024-05-23 09:20:50,299 [Worker-8: Importing Maven projects] INFO  o.e.m.c.i.e.AbstractTransferListenerAdapter - Downloading https://repo.maven.apache.org/maven2/com/mysql/mysql-connector-j/8.0.33/mysql-connector-j-8.0.33.pom
2024-05-23 09:20:50,349 [Worker-8: Importing Maven projects] INFO  o.e.m.c.i.e.AbstractTransferListenerAdapter - Downloaded https://repo.maven.apache.org/maven2/com/mysql/mysql-connector-j/8.0.33/mysql-connector-j-8.0.33.pom
2024-05-23 09:20:50,676 [AetherRepositoryConnector-nexus.magnolia-cms.com-0-2] INFO  o.e.m.c.i.e.AbstractTransferListenerAdapter - Downloaded https://nexus.magnolia-cms.com/content/groups/enterprise/org/springframework/spring-tx/6.0.10/spring-tx-6.0.10.jar
2024-05-23 09:20:50,696 [AetherRepositoryConnector-nexus.magnolia-cms.com-0-3] INFO  o.e.m.c.i.e.AbstractTransferListenerAdapter - Downloaded https://nexus.magnolia-cms.com/content/groups/enterprise/com/mysql/mysql-connector-j/8.0.33/mysql-connector-j-8.0.33.jar
2024-05-23 09:20:50,725 [AetherRepositoryConnector-nexus.magnolia-cms.com-0-1] INFO  o.e.m.c.i.e.AbstractTransferListenerAdapter - Downloaded https://nexus.magnolia-cms.com/content/groups/enterprise/org/springframework/spring-jdbc/6.0.10/spring-jdbc-6.0.10.jar
2024-05-23 09:20:50,733 [AetherRepositoryConnector-nexus.magnolia-cms.com-0-0] INFO  o.e.m.c.i.e.AbstractTransferListenerAdapter - Downloaded https://nexus.magnolia-cms.com/content/groups/enterprise/com/zaxxer/HikariCP/5.0.1/HikariCP-5.0.1.jar
2024-05-23 09:20:50,877 [AetherRepositoryConnector-maven.vaadin.com-1-0] INFO  o.e.m.c.i.e.AbstractTransferListenerAdapter - Downloaded https://maven.vaadin.com/vaadin-addons/com/zaxxer/HikariCP/5.0.1/HikariCP-5.0.1.jar
2024-05-23 09:20:51,013 [AetherRepositoryConnector-maven.vaadin.com-1-3] INFO  o.e.m.c.i.e.AbstractTransferListenerAdapter - Downloaded https://maven.vaadin.com/vaadin-addons/com/mysql/mysql-connector-j/8.0.33/mysql-connector-j-8.0.33.jar
2024-05-23 09:20:51,013 [AetherRepositoryConnector-maven.vaadin.com-1-1] INFO  o.e.m.c.i.e.AbstractTransferListenerAdapter - Downloaded https://maven.vaadin.com/vaadin-addons/org/springframework/spring-jdbc/6.0.10/spring-jdbc-6.0.10.jar
2024-05-23 09:20:51,014 [AetherRepositoryConnector-maven.vaadin.com-1-2] INFO  o.e.m.c.i.e.AbstractTransferListenerAdapter - Downloaded https://maven.vaadin.com/vaadin-addons/org/springframework/spring-tx/6.0.10/spring-tx-6.0.10.jar
2024-05-23 09:20:51,070 [AetherRepositoryConnector-repo.maven.apache.org-2-2] INFO  o.e.m.c.i.e.AbstractTransferListenerAdapter - Downloading https://repo.maven.apache.org/maven2/org/springframework/spring-tx/6.0.10/spring-tx-6.0.10.jar
2024-05-23 09:20:51,285 [AetherRepositoryConnector-repo.maven.apache.org-2-3] INFO  o.e.m.c.i.e.AbstractTransferListenerAdapter - Downloading https://repo.maven.apache.org/maven2/com/mysql/mysql-connector-j/8.0.33/mysql-connector-j-8.0.33.jar
2024-05-23 09:20:51,285 [AetherRepositoryConnector-repo.maven.apache.org-2-0] INFO  o.e.m.c.i.e.AbstractTransferListenerAdapter - Downloading https://repo.maven.apache.org/maven2/com/zaxxer/HikariCP/5.0.1/HikariCP-5.0.1.jar
2024-05-23 09:20:51,285 [AetherRepositoryConnector-repo.maven.apache.org-2-1] INFO  o.e.m.c.i.e.AbstractTransferListenerAdapter - Downloading https://repo.maven.apache.org/maven2/org/springframework/spring-jdbc/6.0.10/spring-jdbc-6.0.10.jar
2024-05-23 09:20:52,058 [AetherRepositoryConnector-repo.maven.apache.org-2-2] INFO  o.e.m.c.i.e.AbstractTransferListenerAdapter - Downloaded https://repo.maven.apache.org/maven2/org/springframework/spring-tx/6.0.10/spring-tx-6.0.10.jar
2024-05-23 09:20:52,072 [AetherRepositoryConnector-repo.maven.apache.org-2-0] INFO  o.e.m.c.i.e.AbstractTransferListenerAdapter - Downloaded https://repo.maven.apache.org/maven2/com/zaxxer/HikariCP/5.0.1/HikariCP-5.0.1.jar
2024-05-23 09:20:52,629 [AetherRepositoryConnector-repo.maven.apache.org-2-1] INFO  o.e.m.c.i.e.AbstractTransferListenerAdapter - Downloaded https://repo.maven.apache.org/maven2/org/springframework/spring-jdbc/6.0.10/spring-jdbc-6.0.10.jar
2024-05-23 09:20:53,884 [AetherRepositoryConnector-repo.maven.apache.org-2-3] INFO  o.e.m.c.i.e.AbstractTransferListenerAdapter - Downloaded https://repo.maven.apache.org/maven2/com/mysql/mysql-connector-j/8.0.33/mysql-connector-j-8.0.33.jar
2024-05-23 09:20:55,012 [Worker-8: Importing Maven projects] INFO  o.e.m.j.i.AbstractJavaProjectConfigurator - Adding source folder /restoran/src/main/java
2024-05-23 09:20:55,012 [Worker-8: Importing Maven projects] INFO  o.e.m.j.i.AbstractJavaProjectConfigurator - Adding resource folder /restoran/src/main/resources
2024-05-23 09:20:55,013 [Worker-8: Importing Maven projects] INFO  o.e.m.j.i.AbstractJavaProjectConfigurator - Adding resource folder /restoran/src/main/resources
2024-05-23 09:20:55,014 [Worker-8: Importing Maven projects] INFO  o.e.m.j.i.AbstractJavaProjectConfigurator - Adding source folder /restoran/src/test/java
2024-05-23 09:20:55,184 [Worker-8: Importing Maven projects] INFO  o.e.m.j.i.AbstractJavaProjectConfigurator - Adding source folder /bioskop/src/main/java
2024-05-23 09:20:55,184 [Worker-8: Importing Maven projects] INFO  o.e.m.j.i.AbstractJavaProjectConfigurator - Adding resource folder /bioskop/src/main/resources
2024-05-23 09:20:55,184 [Worker-8: Importing Maven projects] INFO  o.e.m.j.i.AbstractJavaProjectConfigurator - Adding resource folder /bioskop/src/main/resources
2024-05-23 09:20:55,185 [Worker-8: Importing Maven projects] INFO  o.e.m.j.i.AbstractJavaProjectConfigurator - Adding source folder /bioskop/src/test/java
2024-05-23 09:20:55,343 [Worker-8: Importing Maven projects] INFO  o.e.m.c.i.p.ProjectConfigurationManager - Imported and configured 2 project(s) in 13 sec
2024-05-23 09:20:56,398 [Worker-21: Download sources and javadoc] WARN  o.a.m.r.i.DefaultArtifactDescriptorReader - The artifact mysql:mysql-connector-java:jar:8.0.33 has been relocated to com.mysql:mysql-connector-j:jar:8.0.33: MySQL Connector/J artifacts moved to reverse-DNS compliant Maven 2+ coordinates.
2024-05-23 09:20:56,980 [Worker-6: Building] INFO  o.a.m.s.f.DefaultMavenResourcesFiltering - Copying 1 resource from src\main\resources to target\classes
2024-05-23 09:20:57,022 [Worker-6: Building] INFO  o.a.m.s.f.DefaultMavenResourcesFiltering - Copying 15 resources from src\main\resources to target\classes
2024-05-23 09:20:57,080 [Worker-6: Building] INFO  o.a.m.s.f.DefaultMavenResourcesFiltering - skip non existing resourceDirectory C:\Users\Vera\Desktop\Modul 2\Termin 7\JWD. Modul 2, termin 7\Modul2Termin7Bioskop\src\test\resources
2024-05-23 09:20:57,185 [Worker-21: Download sources and javadoc] INFO  o.e.m.c.i.e.AbstractTransferListenerAdapter - Downloaded https://nexus.magnolia-cms.com/content/groups/enterprise/org/springframework/boot/spring-boot-starter-jdbc/3.1.1/spring-boot-starter-jdbc-3.1.1-sources.jar
2024-05-23 09:20:57,748 [Worker-21: Download sources and javadoc] INFO  o.e.m.c.i.e.AbstractTransferListenerAdapter - Downloaded https://maven.vaadin.com/vaadin-addons/org/springframework/boot/spring-boot-starter-jdbc/3.1.1/spring-boot-starter-jdbc-3.1.1-sources.jar
2024-05-23 09:20:57,853 [Worker-6: Building] INFO  o.a.m.s.f.DefaultMavenResourcesFiltering - Copying 1 resource from src\main\resources to target\classes
2024-05-23 09:20:57,854 [Worker-6: Building] INFO  o.a.m.s.f.DefaultMavenResourcesFiltering - Copying 15 resources from src\main\resources to target\classes
2024-05-23 09:20:57,902 [Worker-6: Building] INFO  o.a.m.s.f.DefaultMavenResourcesFiltering - skip non existing resourceDirectory C:\Users\Vera\Desktop\Modul 2\Termin 7\JWD. Modul 2, termin 7\Modul2Termin7Dostava\src\test\resources
2024-05-23 09:20:57,916 [Worker-21: Download sources and javadoc] INFO  o.e.m.c.i.e.AbstractTransferListenerAdapter - Downloading https://repo.maven.apache.org/maven2/org/springframework/boot/spring-boot-starter-jdbc/3.1.1/spring-boot-starter-jdbc-3.1.1-sources.jar
2024-05-23 09:20:58,088 [Worker-21: Download sources and javadoc] INFO  o.e.m.c.i.e.AbstractTransferListenerAdapter - Downloaded https://repo.maven.apache.org/maven2/org/springframework/boot/spring-boot-starter-jdbc/3.1.1/spring-boot-starter-jdbc-3.1.1-sources.jar
2024-05-23 09:20:58,091 [Worker-21: Download sources and javadoc] INFO  o.e.m.j.internal.DownloadSourcesJob - Downloaded sources for org.springframework.boot:spring-boot-starter-jdbc:3.1.1
2024-05-23 09:20:58,593 [Worker-21: Download sources and javadoc] INFO  o.e.m.c.i.e.AbstractTransferListenerAdapter - Downloaded https://nexus.magnolia-cms.com/content/groups/enterprise/com/zaxxer/HikariCP/5.0.1/HikariCP-5.0.1-sources.jar
2024-05-23 09:20:59,141 [Worker-21: Download sources and javadoc] INFO  o.e.m.c.i.e.AbstractTransferListenerAdapter - Downloaded https://maven.vaadin.com/vaadin-addons/com/zaxxer/HikariCP/5.0.1/HikariCP-5.0.1-sources.jar
2024-05-23 09:20:59,294 [Worker-21: Download sources and javadoc] INFO  o.e.m.c.i.e.AbstractTransferListenerAdapter - Downloading https://repo.maven.apache.org/maven2/com/zaxxer/HikariCP/5.0.1/HikariCP-5.0.1-sources.jar
2024-05-23 09:20:59,450 [Worker-21: Download sources and javadoc] INFO  o.e.m.c.i.e.AbstractTransferListenerAdapter - Downloaded https://repo.maven.apache.org/maven2/com/zaxxer/HikariCP/5.0.1/HikariCP-5.0.1-sources.jar
2024-05-23 09:20:59,453 [Worker-21: Download sources and javadoc] INFO  o.e.m.j.internal.DownloadSourcesJob - Downloaded sources for com.zaxxer:HikariCP:5.0.1
2024-05-23 09:20:59,917 [Worker-21: Download sources and javadoc] INFO  o.e.m.c.i.e.AbstractTransferListenerAdapter - Downloaded https://nexus.magnolia-cms.com/content/groups/enterprise/org/springframework/spring-jdbc/6.0.10/spring-jdbc-6.0.10-sources.jar
2024-05-23 09:21:00,486 [Worker-21: Download sources and javadoc] INFO  o.e.m.c.i.e.AbstractTransferListenerAdapter - Downloaded https://maven.vaadin.com/vaadin-addons/org/springframework/spring-jdbc/6.0.10/spring-jdbc-6.0.10-sources.jar
2024-05-23 09:21:00,640 [Worker-21: Download sources and javadoc] INFO  o.e.m.c.i.e.AbstractTransferListenerAdapter - Downloading https://repo.maven.apache.org/maven2/org/springframework/spring-jdbc/6.0.10/spring-jdbc-6.0.10-sources.jar
2024-05-23 09:21:00,804 [Worker-21: Download sources and javadoc] INFO  o.e.m.c.i.e.AbstractTransferListenerAdapter - Downloaded https://repo.maven.apache.org/maven2/org/springframework/spring-jdbc/6.0.10/spring-jdbc-6.0.10-sources.jar
2024-05-23 09:21:00,807 [Worker-21: Download sources and javadoc] INFO  o.e.m.j.internal.DownloadSourcesJob - Downloaded sources for org.springframework:spring-jdbc:6.0.10
2024-05-23 09:21:01,277 [Worker-21: Download sources and javadoc] INFO  o.e.m.c.i.e.AbstractTransferListenerAdapter - Downloaded https://nexus.magnolia-cms.com/content/groups/enterprise/org/springframework/spring-tx/6.0.10/spring-tx-6.0.10-sources.jar
2024-05-23 09:21:01,819 [Worker-21: Download sources and javadoc] INFO  o.e.m.c.i.e.AbstractTransferListenerAdapter - Downloaded https://maven.vaadin.com/vaadin-addons/org/springframework/spring-tx/6.0.10/spring-tx-6.0.10-sources.jar
2024-05-23 09:21:01,972 [Worker-21: Download sources and javadoc] INFO  o.e.m.c.i.e.AbstractTransferListenerAdapter - Downloading https://repo.maven.apache.org/maven2/org/springframework/spring-tx/6.0.10/spring-tx-6.0.10-sources.jar
2024-05-23 09:21:02,125 [Worker-21: Download sources and javadoc] INFO  o.e.m.c.i.e.AbstractTransferListenerAdapter - Downloaded https://repo.maven.apache.org/maven2/org/springframework/spring-tx/6.0.10/spring-tx-6.0.10-sources.jar
2024-05-23 09:21:02,127 [Worker-21: Download sources and javadoc] INFO  o.e.m.j.internal.DownloadSourcesJob - Downloaded sources for org.springframework:spring-tx:6.0.10
2024-05-23 09:21:02,648 [Worker-21: Download sources and javadoc] INFO  o.e.m.c.i.e.AbstractTransferListenerAdapter - Downloaded https://nexus.magnolia-cms.com/content/groups/enterprise/com/mysql/mysql-connector-j/8.0.33/mysql-connector-j-8.0.33-sources.jar
2024-05-23 09:21:03,199 [Worker-21: Download sources and javadoc] INFO  o.e.m.c.i.e.AbstractTransferListenerAdapter - Downloaded https://maven.vaadin.com/vaadin-addons/com/mysql/mysql-connector-j/8.0.33/mysql-connector-j-8.0.33-sources.jar
2024-05-23 09:21:03,356 [Worker-21: Download sources and javadoc] INFO  o.e.m.c.i.e.AbstractTransferListenerAdapter - Downloading https://repo.maven.apache.org/maven2/com/mysql/mysql-connector-j/8.0.33/mysql-connector-j-8.0.33-sources.jar
2024-05-23 09:21:03,640 [Worker-21: Download sources and javadoc] INFO  o.e.m.c.i.e.AbstractTransferListenerAdapter - Downloaded https://repo.maven.apache.org/maven2/com/mysql/mysql-connector-j/8.0.33/mysql-connector-j-8.0.33-sources.jar
2024-05-23 09:21:03,642 [Worker-21: Download sources and javadoc] INFO  o.e.m.j.internal.DownloadSourcesJob - Downloaded sources for com.mysql:mysql-connector-j:8.0.33
2024-05-23 09:21:03,907 [Worker-15: Building] INFO  o.a.m.s.f.DefaultMavenResourcesFiltering - Copying 0 resource from src\main\resources to target\classes
2024-05-23 09:21:03,907 [Worker-15: Building] INFO  o.a.m.s.f.DefaultMavenResourcesFiltering - Copying 0 resource from src\main\resources to target\classes
2024-05-23 09:21:03,908 [Worker-15: Building] INFO  o.a.m.s.f.DefaultMavenResourcesFiltering - skip non existing resourceDirectory C:\Users\Vera\Desktop\Modul 2\Termin 7\JWD. Modul 2, termin 7\Modul2Termin7Bioskop\src\test\resources
