2024-06-08 00:04:09,157 [Worker-8: Loading available Gradle versions] INFO  o.e.b.c.i.u.g.PublishedGradleVersions - Gradle version information cache is out-of-date. Trying to update.
2024-06-08 00:04:30,314 [Worker-25: Importing Maven projects] INFO  o.e.m.c.i.l.LifecycleMappingFactory - Using org.eclipse.m2e.jdt.JarLifecycleMapping lifecycle mapping for MavenProject: com.ftninformatika.jwd.modul2:Modul2PrimerTestaTaxiResenje:0.0.1-SNAPSHOT @ C:\Users\Vera\Desktop\Modul 2\Termin 8\Modul2PrimerTestaTaxiResenje\Modul2PrimerTestaTaxiResenje\pom.xml.
2024-06-08 00:04:30,681 [Worker-25: Importing Maven projects] WARN  o.a.m.r.i.DefaultArtifactDescriptorReader - The artifact mysql:mysql-connector-java:jar:8.0.33 has been relocated to com.mysql:mysql-connector-j:jar:8.0.33: MySQL Connector/J artifacts moved to reverse-DNS compliant Maven 2+ coordinates.
2024-06-08 00:04:30,807 [Worker-25: Importing Maven projects] INFO  o.e.m.c.i.l.LifecycleMappingFactory - Using org.eclipse.m2e.jdt.JarLifecycleMapping lifecycle mapping for MavenProject: com.ftninformatika.jwd.modul2:Modul2PrimerTestaVozResenje:0.0.1-SNAPSHOT @ C:\Users\Vera\Desktop\Modul 2\Termin 8\Modul2PrimerTestaVozResenje\Modul2PrimerTestaVozResenje\pom.xml.
2024-06-08 00:04:32,455 [Worker-25: Importing Maven projects] INFO  o.e.m.j.i.AbstractJavaProjectConfigurator - Adding source folder /Modul2PrimerTestaTaxiResenje/src/main/java
2024-06-08 00:04:32,456 [Worker-25: Importing Maven projects] INFO  o.e.m.j.i.AbstractJavaProjectConfigurator - Adding resource folder /Modul2PrimerTestaTaxiResenje/src/main/resources
2024-06-08 00:04:32,457 [Worker-25: Importing Maven projects] INFO  o.e.m.j.i.AbstractJavaProjectConfigurator - Adding resource folder /Modul2PrimerTestaTaxiResenje/src/main/resources
2024-06-08 00:04:32,457 [Worker-25: Importing Maven projects] INFO  o.e.m.j.i.AbstractJavaProjectConfigurator - Adding source folder /Modul2PrimerTestaTaxiResenje/src/test/java
2024-06-08 00:04:32,675 [Worker-25: Importing Maven projects] INFO  o.e.m.j.i.AbstractJavaProjectConfigurator - Adding source folder /Modul2PrimerTestaVozResenje/src/main/java
2024-06-08 00:04:32,675 [Worker-25: Importing Maven projects] INFO  o.e.m.j.i.AbstractJavaProjectConfigurator - Adding resource folder /Modul2PrimerTestaVozResenje/src/main/resources
2024-06-08 00:04:32,676 [Worker-25: Importing Maven projects] INFO  o.e.m.j.i.AbstractJavaProjectConfigurator - Adding resource folder /Modul2PrimerTestaVozResenje/src/main/resources
2024-06-08 00:04:32,677 [Worker-25: Importing Maven projects] INFO  o.e.m.j.i.AbstractJavaProjectConfigurator - Adding source folder /Modul2PrimerTestaVozResenje/src/test/java
2024-06-08 00:04:32,830 [Worker-25: Importing Maven projects] INFO  o.e.m.c.i.p.ProjectConfigurationManager - Imported and configured 2 project(s) in 5 sec
2024-06-08 00:04:34,879 [Worker-7: Building] WARN  o.a.m.r.i.DefaultArtifactDescriptorReader - The artifact mysql:mysql-connector-java:jar:8.0.33 has been relocated to com.mysql:mysql-connector-j:jar:8.0.33: MySQL Connector/J artifacts moved to reverse-DNS compliant Maven 2+ coordinates.
2024-06-08 00:04:35,033 [Worker-7: Building] INFO  o.a.m.s.f.DefaultMavenResourcesFiltering - Copying 1 resource from src\main\resources to target\classes
2024-06-08 00:04:35,065 [Worker-7: Building] INFO  o.a.m.s.f.DefaultMavenResourcesFiltering - Copying 4 resources from src\main\resources to target\classes
2024-06-08 00:04:35,099 [Worker-7: Building] INFO  o.a.m.s.f.DefaultMavenResourcesFiltering - skip non existing resourceDirectory C:\Users\Vera\Desktop\Modul 2\Termin 8\Modul2PrimerTestaTaxiResenje\Modul2PrimerTestaTaxiResenje\src\test\resources
2024-06-08 00:04:35,763 [Worker-7: Building] WARN  o.a.m.r.i.DefaultArtifactDescriptorReader - The artifact mysql:mysql-connector-java:jar:8.0.33 has been relocated to com.mysql:mysql-connector-j:jar:8.0.33: MySQL Connector/J artifacts moved to reverse-DNS compliant Maven 2+ coordinates.
2024-06-08 00:04:35,817 [Worker-7: Building] INFO  o.a.m.s.f.DefaultMavenResourcesFiltering - Copying 1 resource from src\main\resources to target\classes
2024-06-08 00:04:35,820 [Worker-7: Building] INFO  o.a.m.s.f.DefaultMavenResourcesFiltering - Copying 7 resources from src\main\resources to target\classes
2024-06-08 00:04:35,846 [Worker-7: Building] INFO  o.a.m.s.f.DefaultMavenResourcesFiltering - skip non existing resourceDirectory C:\Users\Vera\Desktop\Modul 2\Termin 8\Modul2PrimerTestaVozResenje\Modul2PrimerTestaVozResenje\src\test\resources
2024-06-08 09:04:16,005 [Worker-1: Loading available Gradle versions] INFO  o.e.b.c.i.u.g.PublishedGradleVersions - Gradle version information cache is up-to-date. Trying to read.
